Log file open, 04/06/20 20:01:13
LogWindows: Failed to load 'aqProf.dll' (GetLastError=126)
LogWindows: File 'aqProf.dll' does not exist
LogWindows: Failed to load 'VSPerf140.dll' (GetLastError=126)
LogWindows: File 'VSPerf140.dll' does not exist
LogWindows: Failed to load 'VtuneApi.dll' (GetLastError=126)
LogWindows: File 'VtuneApi.dll' does not exist
LogWindows: Failed to load 'VtuneApi32e.dll' (GetLastError=126)
LogWindows: File 'VtuneApi32e.dll' does not exist
LogInit: Display: Running engine for game: FPSGame
LogPlatformFile: Not using cached read wrapper
LogInit: Display: RandInit(1571027979) SRandInit(1571027979).
LogInit: Read version file with build ID '3709383'
LogInit: Overriding engine version to CL 3832480, compatible CL 3709383
LogInit: Registered custom module enumerator with build ID '3709383'
LogTaskGraph: Started task graph with 5 named threads and 20 total threads with 3 sets of task threads.
LogStats: Stats thread started at 0.249013
LogD3D11RHI: Aftermath initialized
LogPluginManager: Mounting plugin Paper2D
LogPluginManager: Mounting plugin LightPropagationVolume
LogPluginManager: Mounting plugin CodeLiteSourceCodeAccess
LogPluginManager: Mounting plugin GitSourceControl
LogPluginManager: Mounting plugin KDevelopSourceCodeAccess
LogPluginManager: Mounting plugin NullSourceCodeAccess
LogPluginManager: Mounting plugin PerforceSourceControl
LogPluginManager: Mounting plugin SubversionSourceControl
LogPluginManager: Mounting plugin UObjectPlugin
LogPluginManager: Mounting plugin VisualStudioCodeSourceCodeAccess
LogPluginManager: Mounting plugin VisualStudioSourceCodeAccess
LogPluginManager: Mounting plugin XCodeSourceCodeAccess
LogPluginManager: Mounting plugin AssetManagerEditor
LogPluginManager: Mounting plugin AudioCapture
LogPluginManager: Mounting plugin FacialAnimation
LogPluginManager: Mounting plugin GameplayTagsEditor
LogPluginManager: Mounting plugin MobileLauncherProfileWizard
LogPluginManager: Mounting plugin PluginBrowser
LogPluginManager: Mounting plugin SpeedTreeImporter
LogPluginManager: Mounting plugin AlembicImporter
LogPluginManager: Mounting plugin CharacterAI
LogPluginManager: Mounting plugin HTML5Networking
LogPluginManager: Mounting plugin AndroidMedia
LogPluginManager: Mounting plugin AvfMedia
LogPluginManager: Mounting plugin ImgMedia
LogPluginManager: Mounting plugin MediaCompositing
LogPluginManager: Mounting plugin MediaPlayerEditor
LogPluginManager: Mounting plugin WmfMedia
LogPluginManager: Mounting plugin TcpMessaging
LogPluginManager: Mounting plugin UdpMessaging
LogPluginManager: Mounting plugin ActorSequence
LogPluginManager: Mounting plugin LevelSequenceEditor
LogPluginManager: Mounting plugin MatineeToLevelSequence
LogPluginManager: Mounting plugin OnlineSubsystemGooglePlay
LogPluginManager: Mounting plugin OnlineSubsystemIOS
LogPluginManager: Mounting plugin OnlineSubsystem
LogPluginManager: Mounting plugin OnlineSubsystemNull
LogPluginManager: Mounting plugin OnlineSubsystemUtils
LogPluginManager: Mounting plugin AndroidDeviceProfileSelector
LogPluginManager: Mounting plugin AndroidMoviePlayer
LogPluginManager: Mounting plugin AndroidPermission
LogPluginManager: Mounting plugin AppleARKit
LogPluginManager: Mounting plugin AppleMoviePlayer
LogPluginManager: Mounting plugin ArchVisCharacter
LogPluginManager: Mounting plugin CableComponent
LogPluginManager: Mounting plugin CustomMeshComponent
LogPluginManager: Mounting plugin ExampleDeviceProfileSelector
LogPluginManager: Mounting plugin GoogleCloudMessaging
LogPluginManager: Mounting plugin ImmediatePhysics
LogPluginManager: Mounting plugin IOSDeviceProfileSelector
LogPluginManager: Mounting plugin LinuxDeviceProfileSelector
LogPluginManager: Mounting plugin LocationServicesBPLibrary
LogPluginManager: Mounting plugin MobilePatchingUtils
LogPluginManager: Mounting plugin OculusVR
LogPluginManager: Plugin shader directory ../../../Engine/Plugins/Runtime/Oculus/OculusVR/Shaders found
LogPluginManager: Mapping shader source directory ../../../Engine/Plugins/Runtime/Oculus/OculusVR/Shaders to virtual directory /Plugin/OculusVR
LogPluginManager: Mounting plugin PhysXVehicles
LogPluginManager: Mounting plugin ProceduralMeshComponent
LogPluginManager: Mounting plugin RuntimePhysXCooking
LogPluginManager: Mounting plugin SteamVR
LogPluginManager: Mounting plugin WindowsMoviePlayer
LogModuleManager: Display: Found up-to-date module file ../../../../../../Users/Chloe Culver/Documents/MultiplayerTutorial/StealthGame/Binaries/Win64/UE4Editor-FPSGame.dll (API version 3709383).
LogModuleManager: Display: Found up-to-date module file ../../../Engine/Plugins/2D/Paper2D/Binaries/Win64/UE4Editor-Paper2D.dll (API version 3709383).
LogModuleManager: Display: Found up-to-date module file ../../../Engine/Plugins/2D/Paper2D/Binaries/Win64/UE4Editor-Paper2DEditor.dll (API version 3709383).
LogModuleManager: Display: Found up-to-date module file ../../../Engine/Plugins/2D/Paper2D/Binaries/Win64/UE4Editor-PaperSpriteSheetImporter.dll (API version 3709383).
LogModuleManager: Display: Found up-to-date module file ../../../Engine/Plugins/2D/Paper2D/Binaries/Win64/UE4Editor-PaperTiledImporter.dll (API version 3709383).
LogModuleManager: Display: Found up-to-date module file ../../../Engine/Plugins/2D/Paper2D/Binaries/Win64/UE4Editor-SmartSnapping.dll (API version 3709383).
LogModuleManager: Display: Found up-to-date module file ../../../Engine/Plugins/Blendables/LightPropagationVolume/Binaries/Win64/UE4Editor-LightPropagationVolumeRuntime.dll (API version 3709383).
LogModuleManager: Display: Found up-to-date module file ../../../Engine/Plugins/Blendables/LightPropagationVolume/Binaries/Win64/UE4Editor-LightPropagationVolumeEditor.dll (API version 3709383).
LogModuleManager: Display: Found up-to-date module file ../../../Engine/Plugins/Developer/GitSourceControl/Binaries/Win64/UE4Editor-GitSourceControl.dll (API version 3709383).
LogModuleManager: Display: Found up-to-date module file ../../../Engine/Plugins/Developer/PerforceSourceControl/Binaries/Win64/UE4Editor-PerforceSourceControl.dll (API version 3709383).
LogModuleManager: Display: Found up-to-date module file ../../../Engine/Plugins/Developer/SubversionSourceControl/Binaries/Win64/UE4Editor-SubversionSourceControl.dll (API version 3709383).
LogModuleManager: Display: Found up-to-date module file ../../../Engine/Plugins/Developer/UObjectPlugin/Binaries/Win64/UE4Editor-UObjectPlugin.dll (API version 3709383).
LogModuleManager: Display: Found up-to-date module file ../../../Engine/Plugins/Developer/VisualStudioCodeSourceCodeAccess/Binaries/Win64/UE4Editor-VisualStudioCodeSourceCodeAccess.dll (API version 3709383).
LogModuleManager: Display: Found up-to-date module file ../../../Engine/Plugins/Developer/VisualStudioSourceCodeAccess/Binaries/Win64/UE4Editor-VisualStudioSourceCodeAccess.dll (API version 3709383).
LogModuleManager: Display: Found up-to-date module file ../../../Engine/Plugins/Editor/AssetManagerEditor/Binaries/Win64/UE4Editor-AssetManagerEditor.dll (API version 3709383).
LogModuleManager: Display: Found up-to-date module file ../../../Engine/Plugins/Editor/AudioCapture/Binaries/Win64/UE4Editor-AudioCapture.dll (API version 3709383).
LogModuleManager: Display: Found up-to-date module file ../../../Engine/Plugins/Editor/FacialAnimation/Binaries/Win64/UE4Editor-FacialAnimation.dll (API version 3709383).
LogModuleManager: Display: Found up-to-date module file ../../../Engine/Plugins/Editor/FacialAnimation/Binaries/Win64/UE4Editor-FacialAnimationEditor.dll (API version 3709383).
LogModuleManager: Display: Found up-to-date module file ../../../Engine/Plugins/Editor/GameplayTagsEditor/Binaries/Win64/UE4Editor-GameplayTagsEditor.dll (API version 3709383).
LogModuleManager: Display: Found up-to-date module file ../../../Engine/Plugins/Editor/MobileLauncherProfileWizard/Binaries/Win64/UE4Editor-MobileLauncherProfileWizard.dll (API version 3709383).
LogModuleManager: Display: Found up-to-date module file ../../../Engine/Plugins/Editor/PluginBrowser/Binaries/Win64/UE4Editor-PluginBrowser.dll (API version 3709383).
LogModuleManager: Display: Found up-to-date module file ../../../Engine/Plugins/Editor/SpeedTreeImporter/Binaries/Win64/UE4Editor-SpeedTreeImporter.dll (API version 3709383).
LogModuleManager: Display: Found up-to-date module file ../../../Engine/Plugins/Experimental/AlembicImporter/Binaries/Win64/UE4Editor-AlembicImporter.dll (API version 3709383).
LogModuleManager: Display: Found up-to-date module file ../../../Engine/Plugins/Experimental/AlembicImporter/Binaries/Win64/UE4Editor-AlembicLibrary.dll (API version 3709383).
LogModuleManager: Display: Found up-to-date module file ../../../Engine/Plugins/Experimental/CharacterAI/Binaries/Win64/UE4Editor-CharacterAI.dll (API version 3709383).
LogModuleManager: Display: Found up-to-date module file ../../../Engine/Plugins/Experimental/HTML5Networking/Binaries/Win64/UE4Editor-HTML5Networking.dll (API version 3709383).
LogModuleManager: Display: Found up-to-date module file ../../../Engine/Plugins/Media/AndroidMedia/Binaries/Win64/UE4Editor-AndroidMediaEditor.dll (API version 3709383).
LogModuleManager: Display: Found up-to-date module file ../../../Engine/Plugins/Media/AndroidMedia/Binaries/Win64/UE4Editor-AndroidMediaFactory.dll (API version 3709383).
LogModuleManager: Display: Found up-to-date module file ../../../Engine/Plugins/Media/AvfMedia/Binaries/Win64/UE4Editor-AvfMediaEditor.dll (API version 3709383).
LogModuleManager: Display: Found up-to-date module file ../../../Engine/Plugins/Media/AvfMedia/Binaries/Win64/UE4Editor-AvfMediaFactory.dll (API version 3709383).
LogModuleManager: Display: Found up-to-date module file ../../../Engine/Plugins/Media/AvfMedia/Binaries/Win64/UE4Editor-AvfMediaFactory.dll (API version 3709383).
LogModuleManager: Display: Found up-to-date module file ../../../Engine/Plugins/Media/ImgMedia/Binaries/Win64/UE4Editor-ImgMedia.dll (API version 3709383).
LogModuleManager: Display: Found up-to-date module file ../../../Engine/Plugins/Media/ImgMedia/Binaries/Win64/UE4Editor-ImgMediaEditor.dll (API version 3709383).
LogModuleManager: Display: Found up-to-date module file ../../../Engine/Plugins/Media/ImgMedia/Binaries/Win64/UE4Editor-ImgMediaFactory.dll (API version 3709383).
LogModuleManager: Display: Found up-to-date module file ../../../Engine/Plugins/Media/ImgMedia/Binaries/Win64/UE4Editor-ImgMediaFactory.dll (API version 3709383).
LogModuleManager: Display: Found up-to-date module file ../../../Engine/Plugins/Media/ImgMedia/Binaries/Win64/UE4Editor-OpenExrWrapper.dll (API version 3709383).
LogModuleManager: Display: Found up-to-date module file ../../../Engine/Plugins/Media/MediaCompositing/Binaries/Win64/UE4Editor-MediaCompositing.dll (API version 3709383).
LogModuleManager: Display: Found up-to-date module file ../../../Engine/Plugins/Media/MediaCompositing/Binaries/Win64/UE4Editor-MediaCompositingEditor.dll (API version 3709383).
LogModuleManager: Display: Found up-to-date module file ../../../Engine/Plugins/Media/MediaPlayerEditor/Binaries/Win64/UE4Editor-MediaPlayerEditor.dll (API version 3709383).
LogModuleManager: Display: Found up-to-date module file ../../../Engine/Plugins/Media/WmfMedia/Binaries/Win64/UE4Editor-WmfMedia.dll (API version 3709383).
LogModuleManager: Display: Found up-to-date module file ../../../Engine/Plugins/Media/WmfMedia/Binaries/Win64/UE4Editor-WmfMediaEditor.dll (API version 3709383).
LogModuleManager: Display: Found up-to-date module file ../../../Engine/Plugins/Media/WmfMedia/Binaries/Win64/UE4Editor-WmfMediaFactory.dll (API version 3709383).
LogModuleManager: Display: Found up-to-date module file ../../../Engine/Plugins/Media/WmfMedia/Binaries/Win64/UE4Editor-WmfMediaFactory.dll (API version 3709383).
LogModuleManager: Display: Found up-to-date module file ../../../Engine/Plugins/Messaging/TcpMessaging/Binaries/Win64/UE4Editor-TcpMessaging.dll (API version 3709383).
LogModuleManager: Display: Found up-to-date module file ../../../Engine/Plugins/Messaging/UdpMessaging/Binaries/Win64/UE4Editor-UdpMessaging.dll (API version 3709383).
LogModuleManager: Display: Found up-to-date module file ../../../Engine/Plugins/MovieScene/ActorSequence/Binaries/Win64/UE4Editor-ActorSequence.dll (API version 3709383).
LogModuleManager: Display: Found up-to-date module file ../../../Engine/Plugins/MovieScene/LevelSequenceEditor/Binaries/Win64/UE4Editor-LevelSequenceEditor.dll (API version 3709383).
LogModuleManager: Display: Found up-to-date module file ../../../Engine/Plugins/MovieScene/MatineeToLevelSequence/Binaries/Win64/UE4Editor-MatineeToLevelSequence.dll (API version 3709383).
LogModuleManager: Display: Found up-to-date module file ../../../Engine/Plugins/Online/OnlineSubsystem/Binaries/Win64/UE4Editor-OnlineSubsystem.dll (API version 3709383).
LogModuleManager: Display: Found up-to-date module file ../../../Engine/Plugins/Online/OnlineSubsystemNull/Binaries/Win64/UE4Editor-OnlineSubsystemNull.dll (API version 3709383).
LogModuleManager: Display: Found up-to-date module file ../../../Engine/Plugins/Online/OnlineSubsystemUtils/Binaries/Win64/UE4Editor-OnlineSubsystemUtils.dll (API version 3709383).
LogModuleManager: Display: Found up-to-date module file ../../../Engine/Plugins/Online/OnlineSubsystemUtils/Binaries/Win64/UE4Editor-OnlineBlueprintSupport.dll (API version 3709383).
LogModuleManager: Display: Found up-to-date module file ../../../Engine/Plugins/Runtime/AndroidDeviceProfileSelector/Binaries/Win64/UE4Editor-AndroidDeviceProfileSelector.dll (API version 3709383).
LogModuleManager: Display: Found up-to-date module file ../../../Engine/Plugins/Runtime/AndroidPermission/Binaries/Win64/UE4Editor-AndroidPermission.dll (API version 3709383).
LogModuleManager: Display: Found up-to-date module file ../../../Engine/Plugins/Runtime/AppleARKit/Binaries/Win64/UE4Editor-AppleARKit.dll (API version 3709383).
LogModuleManager: Display: Found up-to-date module file ../../../Engine/Plugins/Runtime/ArchVisCharacter/Binaries/Win64/UE4Editor-ArchVisCharacter.dll (API version 3709383).
LogModuleManager: Display: Found up-to-date module file ../../../Engine/Plugins/Runtime/CableComponent/Binaries/Win64/UE4Editor-CableComponent.dll (API version 3709383).
LogModuleManager: Display: Found up-to-date module file ../../../Engine/Plugins/Runtime/CustomMeshComponent/Binaries/Win64/UE4Editor-CustomMeshComponent.dll (API version 3709383).
LogModuleManager: Display: Found up-to-date module file ../../../Engine/Plugins/Runtime/ExampleDeviceProfileSelector/Binaries/Win64/UE4Editor-ExampleDeviceProfileSelector.dll (API version 3709383).
LogModuleManager: Display: Found up-to-date module file ../../../Engine/Plugins/Runtime/ImmediatePhysics/Binaries/Win64/UE4Editor-ImmediatePhysics.dll (API version 3709383).
LogModuleManager: Display: Found up-to-date module file ../../../Engine/Plugins/Runtime/ImmediatePhysics/Binaries/Win64/UE4Editor-ImmediatePhysicsEditor.dll (API version 3709383).
LogModuleManager: Display: Found up-to-date module file ../../../Engine/Plugins/Runtime/LocationServicesBPLibrary/Binaries/Win64/UE4Editor-LocationServicesBPLibrary.dll (API version 3709383).
LogModuleManager: Display: Found up-to-date module file ../../../Engine/Plugins/Runtime/MobilePatchingUtils/Binaries/Win64/UE4Editor-MobilePatchingUtils.dll (API version 3709383).
LogModuleManager: Display: Found up-to-date module file ../../../Engine/Plugins/Runtime/Oculus/OculusVR/Binaries/Win64/UE4Editor-OculusHMD.dll (API version 3709383).
LogModuleManager: Display: Found up-to-date module file ../../../Engine/Plugins/Runtime/Oculus/OculusVR/Binaries/Win64/UE4Editor-OculusInput.dll (API version 3709383).
LogModuleManager: Display: Found up-to-date module file ../../../Engine/Plugins/Runtime/Oculus/OculusVR/Binaries/Win64/UE4Editor-OculusEditor.dll (API version 3709383).
LogModuleManager: Display: Found up-to-date module file ../../../Engine/Plugins/Runtime/PhysXVehicles/Binaries/Win64/UE4Editor-PhysXVehicles.dll (API version 3709383).
LogModuleManager: Display: Found up-to-date module file ../../../Engine/Plugins/Runtime/PhysXVehicles/Binaries/Win64/UE4Editor-PhysXVehiclesEditor.dll (API version 3709383).
LogModuleManager: Display: Found up-to-date module file ../../../Engine/Plugins/Runtime/ProceduralMeshComponent/Binaries/Win64/UE4Editor-ProceduralMeshComponent.dll (API version 3709383).
LogModuleManager: Display: Found up-to-date module file ../../../Engine/Plugins/Runtime/ProceduralMeshComponent/Binaries/Win64/UE4Editor-ProceduralMeshComponentEditor.dll (API version 3709383).
LogModuleManager: Display: Found up-to-date module file ../../../Engine/Plugins/Runtime/RuntimePhysXCooking/Binaries/Win64/UE4Editor-RuntimePhysXCooking.dll (API version 3709383).
LogModuleManager: Display: Found up-to-date module file ../../../Engine/Plugins/Runtime/Steam/SteamVR/Binaries/Win64/UE4Editor-SteamVR.dll (API version 3709383).
LogModuleManager: Display: Found up-to-date module file ../../../Engine/Plugins/Runtime/Steam/SteamVR/Binaries/Win64/UE4Editor-SteamVRController.dll (API version 3709383).
LogModuleManager: Display: Found up-to-date module file ../../../Engine/Plugins/Runtime/WindowsMoviePlayer/Binaries/Win64/UE4Editor-WindowsMoviePlayer.dll (API version 3709383).
LogInit: Using libcurl 7.47.1
LogInit:  - built for x86_64-pc-win32
LogInit:  - supports SSL with OpenSSL/1.0.2g
LogInit:  - supports HTTP deflate (compression) using libz 1.2.8
LogInit:  - other features:
LogInit:      CURL_VERSION_SSL
LogInit:      CURL_VERSION_LIBZ
LogInit:      CURL_VERSION_IPV6
LogInit:      CURL_VERSION_ASYNCHDNS
LogInit:      CURL_VERSION_LARGEFILE
LogInit:      CURL_VERSION_IDN
LogInit:  CurlRequestOptions (configurable via config and command line):
LogInit:  - bVerifyPeer = false  - Libcurl will NOT verify peer certificate
LogInit:  - bUseHttpProxy = false  - Libcurl will NOT use HTTP proxy
LogInit:  - bDontReuseConnections = false  - Libcurl will reuse connections
LogInit:  - CertBundlePath = nullptr  - Libcurl will use whatever was configured at build time.
LogInit: Build: ++UE4+Release-4.18-CL-3832480
LogInit: Engine Version: 4.18.3-3832480+++UE4+Release-4.18
LogInit: Compatible Engine Version: 4.18.0-3709383+++UE4+Release-4.18
LogInit: Net CL: 3709383
LogDevObjectVersion: Number of dev versions registered: 16
LogDevObjectVersion:   Dev-Blueprints (B0D832E4-1F89-4F0D-ACCF-7EB736FD4AA2): 10
LogDevObjectVersion:   Dev-Build (E1C64328-A22C-4D53-A36C-8E866417BD8C): 0
LogDevObjectVersion:   Dev-Core (375EC13C-06E4-48FB-B500-84F0262A717E): 2
LogDevObjectVersion:   Dev-Editor (E4B068ED-F494-42E9-A231-DA0B2E46BB41): 20
LogDevObjectVersion:   Dev-Framework (CFFC743F-43B0-4480-9391-14DF171D2073): 30
LogDevObjectVersion:   Dev-Mobile (B02B49B5-BB20-44E9-A304-32B752E40360): 0
LogDevObjectVersion:   Dev-Networking (A4E4105C-59A1-49B5-A7C5-40C4547EDFEE): 0
LogDevObjectVersion:   Dev-Online (39C831C9-5AE6-47DC-9A44-9C173E1C8E7C): 0
LogDevObjectVersion:   Dev-Physics (78F01B33-EBEA-4F98-B9B4-84EACCB95AA2): 0
LogDevObjectVersion:   Dev-Platform (6631380F-2D4D-43E0-8009-CF276956A95A): 0
LogDevObjectVersion:   Dev-Rendering (12F88B9F-8875-4AFC-A67C-D90C383ABD29): 20
LogDevObjectVersion:   Dev-Sequencer (7B5AE74C-D270-4C10-A958-57980B212A5A): 4
LogDevObjectVersion:   Dev-VR (D7296918-1DD6-4BDD-9DE2-64A83CC13884): 0
LogDevObjectVersion:   Dev-LoadTimes (C2A15278-BFE7-4AFE-6C17-90FF531DF755): 1
LogDevObjectVersion:   Private-Geometry (6EACA3D4-40EC-4CC1-B786-8BED09428FC5): 1
LogDevObjectVersion:   Dev-AnimPhys (29E575DD-E0A3-4627-9D10-D276232CDCEA): 12
LogInit: Compiled (64-bit): Jan 12 2018 02:04:55
LogInit: Compiled with Visual C++: 19.00.24215.01
LogInit: Build Configuration: Development
LogInit: Branch Name: ++UE4+Release-4.18
LogInit: Command line:  
LogInit: Base directory: C:/Program Files/Epic Games/UE_4.18/Engine/Binaries/Win64/
LogInit: Installed Engine Build: 1
LogInit: Presizing for max 8388607 objects, including 0 objects not considered by GC, pre-allocating 0 bytes for permanent pool.
LogInit: Object subsystem initialized
[2020.04.07-03.01.15:947][  0]LogInit: Selected Device Profile: [Windows]
[2020.04.07-03.01.15:947][  0]LogInit: Applying CVar settings loaded from the selected device profile: [Windows]
[2020.04.07-03.01.15:956][  0]LogInit: Computer: DESKTOP-AFBAECM
[2020.04.07-03.01.15:956][  0]LogInit: User: ChloeCulver
[2020.04.07-03.01.15:956][  0]LogInit: CPU Page size=4096, Cores=6
[2020.04.07-03.01.15:956][  0]LogInit: High frequency timer resolution =10.000000 MHz
[2020.04.07-03.01.15:956][  0]LogMemory: Memory total: Physical=15.9GB (16GB approx)
[2020.04.07-03.01.15:956][  0]LogMemory: Platform Memory Stats for Windows
[2020.04.07-03.01.15:956][  0]LogMemory: Process Physical Memory: 273.50 MB used, 273.50 MB peak
[2020.04.07-03.01.15:956][  0]LogMemory: Process Virtual Memory: 272.21 MB used, 272.21 MB peak
[2020.04.07-03.01.15:956][  0]LogMemory: Physical Memory: 9187.75 MB used,  7144.82 MB free, 16332.57 MB total
[2020.04.07-03.01.15:956][  0]LogMemory: Virtual Memory: 4770.86 MB used,  7144.82 MB free, 134217728.00 MB total
[2020.04.07-03.01.16:236][  0]LogInit: Using OS detected language (en-US).
[2020.04.07-03.01.16:236][  0]LogInit: Using OS detected locale (en-US).
[2020.04.07-03.01.16:239][  0]LogTextLocalizationManager: No specific localization for 'en-US' exists, so the 'en' localization will be used.
[2020.04.07-03.01.16:652][  0]LogInit: Setting process to per monitor DPI aware
[2020.04.07-03.01.16:983][  0]LogD3D11RHI: D3D11 adapters:
[2020.04.07-03.01.17:071][  0]LogD3D11RHI:    0. 'NVIDIA GeForce RTX 2060' (Feature Level 11_0)
[2020.04.07-03.01.17:071][  0]LogD3D11RHI:       5980/0/8166 MB DedicatedVideo/DedicatedSystem/SharedSystem, Outputs:2, VendorId:0x10de
[2020.04.07-03.01.17:074][  0]LogD3D11RHI:    1. 'Microsoft Basic Render Driver' (Feature Level 11_0)
[2020.04.07-03.01.17:074][  0]LogD3D11RHI:       0/0/8166 MB DedicatedVideo/DedicatedSystem/SharedSystem, Outputs:0, VendorId:0x1414
[2020.04.07-03.01.17:074][  0]LogD3D11RHI: Chosen D3D11 Adapter: 0
[2020.04.07-03.01.17:082][  0]LogD3D11RHI: Creating new Direct3DDevice
[2020.04.07-03.01.17:082][  0]LogD3D11RHI:     GPU DeviceId: 0x1f08 (for the marketing name, search the web for "GPU Device Id")
[2020.04.07-03.01.17:082][  0]LogWindows: EnumDisplayDevices:
[2020.04.07-03.01.17:082][  0]LogWindows:    0. 'NVIDIA GeForce RTX 2060' (P:0 D:1)
[2020.04.07-03.01.17:083][  0]LogWindows:    1. 'NVIDIA GeForce RTX 2060' (P:1 D:1)
[2020.04.07-03.01.17:083][  0]LogWindows:    2. 'NVIDIA GeForce RTX 2060' (P:0 D:0)
[2020.04.07-03.01.17:083][  0]LogWindows:    3. 'NVIDIA GeForce RTX 2060' (P:0 D:0)
[2020.04.07-03.01.17:083][  0]LogWindows: DebugString: GetVideoDriverDetailsInvalid PrimaryIsNotTheChoosenAdapter GetVideoDriverDetailsInvalid PrimaryIsNotTheChoosenAdapter GetVideoDriverDetailsInvalid PrimaryIsNotTheChoosenAdapter GetVideoDriverDetailsInvalid PrimaryIsNotTheChoosenAdapter FoundDriverCount:0 
[2020.04.07-03.01.17:083][  0]LogD3D11RHI:     Adapter Name: NVIDIA GeForce RTX 2060
[2020.04.07-03.01.17:083][  0]LogD3D11RHI:   Driver Version: Unknown (internal:Unknown, unified:Unknown)
[2020.04.07-03.01.17:083][  0]LogD3D11RHI:      Driver Date: Unknown
[2020.04.07-03.01.17:083][  0]LogRHI: Texture pool is 4186 MB (70% of 5980 MB)
[2020.04.07-03.01.17:144][  0]LogD3D11RHI: Async texture creation enabled
[2020.04.07-03.01.17:156][  0]LogD3D11RHI: GPU Timing Frequency: 1000.000000 (Debug: 2 1)
[2020.04.07-03.01.17:158][  0]LogD3D11RHI: HDR output is supported on display 0 (NvId: 0x80061080).
[2020.04.07-03.01.17:159][  0]LogShaderCompilers: Guid format shader working directory is -26 characters bigger than the processId version (../../../../../../Users/Chloe Culver/Documents/MultiplayerTutorial/StealthGame/Intermediate/Shaders/WorkingDirectory/18164/).
[2020.04.07-03.01.17:159][  0]LogShaderCompilers: Cleaned the shader compiler working directory 'C:/Users/Chloe Culver/AppData/Local/Temp/UnrealShaderWorkingDir/0E06EAA748B1CC6B1CFEBA99ACC75712/'.
[2020.04.07-03.01.17:159][  0]LogShaderCompilers: Display: Using Local Shader Compiler.
[2020.04.07-03.01.18:198][  0]LogTemp: Display: Loaded TP AllDesktopTargetPlatform
[2020.04.07-03.01.18:289][  0]LogTemp: Display: Loaded TP MacClientTargetPlatform
[2020.04.07-03.01.18:380][  0]LogTemp: Display: Loaded TP MacNoEditorTargetPlatform
[2020.04.07-03.01.18:468][  0]LogTemp: Display: Loaded TP MacServerTargetPlatform
[2020.04.07-03.01.18:555][  0]LogTemp: Display: Loaded TP MacTargetPlatform
[2020.04.07-03.01.18:644][  0]LogTemp: Display: Loaded TP WindowsClientTargetPlatform
[2020.04.07-03.01.18:731][  0]LogTemp: Display: Loaded TP WindowsNoEditorTargetPlatform
[2020.04.07-03.01.18:819][  0]LogTemp: Display: Loaded TP WindowsServerTargetPlatform
[2020.04.07-03.01.18:899][  0]LogTemp: Display: Loaded TP WindowsTargetPlatform
[2020.04.07-03.01.18:985][  0]LogTemp: Display: Loaded TP Android_ASTCTargetPlatform
[2020.04.07-03.01.19:071][  0]LogTemp: Display: Loaded TP Android_ATCTargetPlatform
[2020.04.07-03.01.19:160][  0]LogTemp: Display: Loaded TP Android_DXTTargetPlatform
[2020.04.07-03.01.19:247][  0]LogTemp: Display: Loaded TP Android_ETC1TargetPlatform
[2020.04.07-03.01.19:334][  0]LogTemp: Display: Loaded TP Android_ETC2TargetPlatform
[2020.04.07-03.01.19:508][  0]LogTemp: Display: Loaded TP Android_MultiTargetPlatform
[2020.04.07-03.01.19:508][  0]LogTemp: Display: Loaded TP Android_PVRTCTargetPlatform
[2020.04.07-03.01.19:599][  0]LogTemp: Display: Loaded TP AndroidTargetPlatform
[2020.04.07-03.01.19:670][  0]LogTemp: Display: Loaded TP HTML5TargetPlatform
[2020.04.07-03.01.19:811][  0]LogTemp: Display: Loaded TP IOSTargetPlatform
[2020.04.07-03.01.19:858][  0]LogTemp: Display: Loaded TP TVOSTargetPlatform
[2020.04.07-03.01.19:942][  0]LogTemp: Display: Loaded TP LinuxClientTargetPlatform
[2020.04.07-03.01.20:027][  0]LogTemp: Display: Loaded TP LinuxNoEditorTargetPlatform
[2020.04.07-03.01.20:113][  0]LogTemp: Display: Loaded TP LinuxServerTargetPlatform
[2020.04.07-03.01.20:197][  0]LogTemp: Display: Loaded TP LinuxTargetPlatform
[2020.04.07-03.01.20:197][  0]LogTargetPlatformManager: Display: Building Assets For Windows
[2020.04.07-03.01.21:063][  0]LogDerivedDataCache: Display: Max Cache Size: 512 MB
[2020.04.07-03.01.21:132][  0]LogDerivedDataCache: Loaded boot cache 0.07s 69MB C:/Users/Chloe Culver/AppData/Local/UnrealEngine/4.18/DerivedDataCache/Boot.ddc.
[2020.04.07-03.01.21:133][  0]LogDerivedDataCache: Display: Loaded Boot cache: C:/Users/Chloe Culver/AppData/Local/UnrealEngine/4.18/DerivedDataCache/Boot.ddc
[2020.04.07-03.01.21:133][  0]LogDerivedDataCache: FDerivedDataBackendGraph:  Pak pak cache file ../../../../../../Users/Chloe Culver/Documents/MultiplayerTutorial/StealthGame/DerivedDataCache/DDC.ddp not found, will not use a pak cache.
[2020.04.07-03.01.21:133][  0]LogDerivedDataCache: Unable to find inner node Pak for hierarchical cache Hierarchy.
[2020.04.07-03.01.21:133][  0]LogDerivedDataCache: FDerivedDataBackendGraph:  CompressedPak pak cache file ../../../../../../Users/Chloe Culver/Documents/MultiplayerTutorial/StealthGame/DerivedDataCache/Compressed.ddp not found, will not use a pak cache.
[2020.04.07-03.01.21:133][  0]LogDerivedDataCache: Unable to find inner node CompressedPak for hierarchical cache Hierarchy.
[2020.04.07-03.01.21:151][  0]LogDerivedDataCache: Display: Pak cache opened for reading ../../../Engine/DerivedDataCache/Compressed.ddp.
[2020.04.07-03.01.21:164][  0]LogDerivedDataCache: Using Local data cache path C:/Users/Chloe Culver/AppData/Local/UnrealEngine/Common/DerivedDataCache: Writable
[2020.04.07-03.01.21:174][  0]LogMaterial: Verifying Global Shaders for PCD3D_SM5
[2020.04.07-03.01.21:174][  0]LogSlate: Using Freetype 2.6.0
[2020.04.07-03.01.21:175][  0]LogSlate: SlateFontCache - WITH_FREETYPE: 1, WITH_HARFBUZZ: 1
[2020.04.07-03.01.21:175][  0]LogSlate: SlateFontCache - WITH_FREETYPE: 1, WITH_HARFBUZZ: 1
[2020.04.07-03.01.21:612][  0]LogInit: Selected Device Profile: [Windows]
[2020.04.07-03.01.22:116][  0]LogSimplygon: Simplygon DLL not present - disabling.
[2020.04.07-03.01.22:194][  0]LogMeshReduction: Using SimplygonSwarm for distributed automatic mesh merging
[2020.04.07-03.01.22:194][  0]LogMeshReduction: Using QuadricMeshReduction for automatic static mesh reduction
[2020.04.07-03.01.22:194][  0]LogMeshReduction: No automatic skeletal mesh reduction module available
[2020.04.07-03.01.22:194][  0]LogMeshReduction: No automatic mesh merging module available
[2020.04.07-03.01.22:194][  0]LogMeshMerging: No automatic mesh merging module available
[2020.04.07-03.01.22:229][  0]LogNetVersion: FPSGame , NetCL: 3709383, EngineNetVer: 2, GameNetVer: 0 (Checksum: 875609505)
[2020.04.07-03.01.22:430][  0]LogAssetRegistry: FAssetRegistry took 0.0279 seconds to start up
[2020.04.07-03.01.23:046][  0]LogPackageLocalizationCache: Processed 7 localized package path(s) for 2 prioritized culture(s) in 0.069623 seconds
[2020.04.07-03.01.23:052][  0]LogUObjectArray: 35870 objects as part of root set at end of initial load.
[2020.04.07-03.01.23:052][  0]LogUObjectAllocator: 7363696 out of 0 bytes used by permanent object pool.
[2020.04.07-03.01.23:052][  0]LogUObjectArray: CloseDisregardForGC: 0/0 objects in disregard for GC pool
[2020.04.07-03.01.23:179][  0]LogInit: WinSock: version 1.1 (2.2), MaxSocks=32767, MaxUdp=65467
[2020.04.07-03.01.27:417][  0]LogTcpMessaging: Initializing TcpMessaging bridge
[2020.04.07-03.01.27:488][  0]LogUdpMessaging: Initializing bridge on interface 0.0.0.0:0 to multicast group 230.0.0.1:6666.
[2020.04.07-03.01.28:446][  0]LogMaterial: Missing cached shader map for material M_FPGun, compiling. 
[2020.04.07-03.01.28:538][  0]LogMaterial: Missing cached shader map for material M_PlayerArms, compiling. 
[2020.04.07-03.01.28:618][  0]LogMaterial: Missing cached shader map for material M_Projectile, compiling. 
[2020.04.07-03.01.28:656][  0]LogStaticMesh: Building static mesh FirstPersonProjectileMesh...
[2020.04.07-03.01.28:668][  0]LogStaticMesh: Built static mesh [0.01s] /Game/Weapon/FirstPersonProjectileMesh.FirstPersonProjectileMesh
[2020.04.07-03.01.29:397][  0]LogMaterial: Uniform references updated for custom material expression Custom.
[2020.04.07-03.01.30:691][  0]SourceControl: Source control is disabled
[2020.04.07-03.01.30:691][  0]SourceControl: Source control is disabled
[2020.04.07-03.01.30:859][  0]SourceControl: Source control is disabled
[2020.04.07-03.01.31:032][  0]SourceControl: Source control is disabled
[2020.04.07-03.01.33:590][  0]LogAndroidPermission: UAndroidPermissionCallbackProxy::GetInstance
[2020.04.07-03.01.34:327][  0]LogOcInput: OculusInput pre-init called
[2020.04.07-03.01.34:926][  0]LogEngine: Initializing Engine...
[2020.04.07-03.01.34:929][  0]LogHMD: Failed to initialize OpenVR with code 110
[2020.04.07-03.01.35:151][  0]LogStats: UGameplayTagsManager::ConstructGameplayTagTree: Construct from data asset -  0.000 s
[2020.04.07-03.01.35:151][  0]LogStats: UGameplayTagsManager::ConstructGameplayTagTree: GameplayTagTreeChangedEvent.Broadcast -  0.000 s
[2020.04.07-03.01.35:375][  0]LogAIModule: Creating AISystem for world Untitled
[2020.04.07-03.01.35:408][  0]LogInit: XAudio2 using 'LG HDR 4K (NVIDIA High Definition Audio)' : 2 channels at 48 kHz using 16 bits per sample (channel mask 0x3)
[2020.04.07-03.01.35:430][  0]LogInit: FAudioDevice initialized.
[2020.04.07-03.01.35:520][  0]LogDerivedDataCache: Saved boot cache 0.09s 78MB C:/Users/Chloe Culver/AppData/Local/UnrealEngine/4.18/DerivedDataCache/Boot.ddc.
[2020.04.07-03.01.35:537][  0]LogInit: Texture streaming: Enabled
[2020.04.07-03.01.35:730][  0]LogEngineSessionManager: EngineSessionManager initialized
[2020.04.07-03.01.35:959][  0]LogInit: Transaction tracking system initialized
[2020.04.07-03.01.36:531][  0]BlueprintLog: New page: Editor Load
[2020.04.07-03.01.38:217][  0]LocalizationService: Localization service is disabled
[2020.04.07-03.01.39:541][  0]LogConsoleResponse: Display: 
[2020.04.07-03.01.39:748][  0]LogCook: Display: Max memory allowance for cook 16384mb min free memory 0mb
[2020.04.07-03.01.39:748][  0]LogCook: Display: Mobile HDR setting 1
[2020.04.07-03.01.39:748][  0]LogGameplayTags: Display: UGameplayTagsManager::DoneAddingNativeTags. DelegateIsBound: 0
[2020.04.07-03.01.40:303][  0]LogFileCache: Scanning file cache for directory 'C:/Users/Chloe Culver/Documents/MultiplayerTutorial/StealthGame/Content/' took 0.01s
[2020.04.07-03.01.41:815][  0]SourceControl: Source control is disabled
[2020.04.07-03.01.41:815][  0]Cmd: MAP LOAD FILE="../../../../../../Users/Chloe Culver/Documents/MultiplayerTutorial/StealthGame/Content/Maps/FirstPersonExampleMap.umap" TEMPLATE=0 SHOWPROGRESS=1 FEATURELEVEL=3
[2020.04.07-03.01.41:816][  0]LightingResults: New page: Lighting Build
[2020.04.07-03.01.41:889][  0]MapCheck: New page: Map Check
[2020.04.07-03.01.41:889][  0]LightingResults: New page: Lighting Build
[2020.04.07-03.01.41:995][  0]LogTexture: Display: Building textures: AOMaterialMask0_1 (BC4, 1024X512)
[2020.04.07-03.01.41:995][  0]LogTexture: Display: Building textures: ShadowMapTexture2D_2 (G8, 1024X512)
[2020.04.07-03.01.41:995][  0]LogTexture: Display: Building textures: SkyOcclusion1_1 (AutoDXT, 1024X512)
[2020.04.07-03.01.41:995][  0]LogTexture: Display: Building textures: HQ_Lightmap1_1 (AutoDXT, 1024X1024)
[2020.04.07-03.01.41:995][  0]LogTexture: Display: Building textures: LQ_Lightmap_1_1 (DXT1, 1024X1024)
[2020.04.07-03.01.41:995][  0]LogMaterial: Missing cached shader map for material AntiAliasedTextMaterialTranslucent_Glow, compiling. 
[2020.04.07-03.01.42:212][  0]LogStaticMesh: Building static mesh Shape_Cube...
[2020.04.07-03.01.42:213][  0]LogStaticMesh: Built static mesh [0.00s] /Game/Environment/Shape_Cube.Shape_Cube
[2020.04.07-03.01.42:218][  0]LogMaterial: Missing cached shader map for material M_BlockoutSimple, compiling. 
[2020.04.07-03.01.42:287][  0]LogMaterial: Missing cached shader map for material M_BlockoutSimple, compiling. 
[2020.04.07-03.01.42:343][  0]LogMaterial: Missing cached shader map for material M_Cube, compiling. 
[2020.04.07-03.01.42:386][  0]LogAIModule: Creating AISystem for world FirstPersonExampleMap
[2020.04.07-03.01.42:468][  0]LogEditorServer: Finished looking for orphan Actors (0.000 secs)
[2020.04.07-03.01.42:484][  0]Cmd: MAP CHECKDEP NOCLEARLOG
[2020.04.07-03.01.42:614][  0]MapCheck: Map check complete: 0 Error(s), 0 Warning(s), took 130.171ms to complete.
[2020.04.07-03.01.42:614][  0]LogFileHelpers: Loading map 'FirstPersonExampleMap' took 0.799
[2020.04.07-03.01.42:917][  0]LogCollectionManager: Loaded 0 collections in 0.003248 seconds
[2020.04.07-03.01.43:138][  0]LogFileCache: Scanning file cache for directory 'C:/Users/Chloe Culver/Documents/MultiplayerTutorial/StealthGame/Saved/Collections/' took 0.01s
[2020.04.07-03.01.43:139][  0]LogFileCache: Scanning file cache for directory 'C:/Users/Chloe Culver/Documents/MultiplayerTutorial/StealthGame/Content/Developers/ChloeCulver/Collections/' took 0.01s
[2020.04.07-03.01.43:139][  0]LogFileCache: Scanning file cache for directory 'C:/Users/Chloe Culver/Documents/MultiplayerTutorial/StealthGame/Content/Collections/' took 0.01s
[2020.04.07-03.01.43:139][  0]LogCollectionManager: Rebuilt the GUID cache for 0 collections in 0.000000 seconds
[2020.04.07-03.01.43:163][  0]LogContentBrowser: Native class hierarchy populated in 0.0218 seconds. Added 2367 classes and 522 folders.
[2020.04.07-03.01.43:380][  0]LogContentBrowser: Native class hierarchy updated for 'WidgetCarousel' in 0.0015 seconds. Added 0 classes and 0 folders.
[2020.04.07-03.01.43:537][  0]LogContentBrowser: Native class hierarchy updated for 'AddContentDialog' in 0.0014 seconds. Added 0 classes and 0 folders.
[2020.04.07-03.01.43:718][  0]LogContentBrowser: Native class hierarchy updated for 'SceneOutliner' in 0.0026 seconds. Added 1 classes and 2 folders.
[2020.04.07-03.01.43:864][  0]LogSlate: Took 0.000276 seconds to synchronously load lazily loaded font '../../../Engine/Content/Slate/Fonts/Roboto-Regular.ttf' (155K)
[2020.04.07-03.01.43:867][  0]LogSlate: Took 0.000301 seconds to synchronously load lazily loaded font '../../../Engine/Content/Slate/Fonts/Roboto-Bold.ttf' (160K)
[2020.04.07-03.01.43:878][  0]LogSlate: Took 0.001485 seconds to synchronously load lazily loaded font '../../../Engine/Content/Editor/Slate/Fonts/FontAwesome.ttf' (139K)
[2020.04.07-03.01.43:981][  0]LogMaterial: Missing cached shader map for material LevelGridMaterial2, compiling. 
[2020.04.07-03.01.44:099][  0]LogRenderer: Reallocating scene render targets to support 1208x576 Format 10 NumSamples 1 (Frame:1).
[2020.04.07-03.01.45:657][  0]LogContentBrowser: Native class hierarchy updated for 'HierarchicalLODOutliner' in 0.0023 seconds. Added 1 classes and 2 folders.
[2020.04.07-03.01.45:658][  0]LogLoad: (Engine Initialization) Total time: 33.06 seconds
[2020.04.07-03.01.45:658][  0]LogLoad: (Engine Initialization) Total Blueprint compile time: 0.00 seconds
[2020.04.07-03.01.45:658][  0]LogExternalProfiler: No external profilers were discovered.  External profiling features will not be available.
[2020.04.07-03.01.45:696][  0]LogContentStreaming: Texture pool size now 1000 MB
[2020.04.07-03.01.45:802][  1]LogAssetRegistry: Asset discovery search completed in 23.3943 seconds
[2020.04.07-03.01.45:805][  1]LogCollectionManager: Rebuilt the object cache for 0 collections in 0.000000 seconds (found 0 objects)
[2020.04.07-03.01.45:805][  1]LogCollectionManager: Fixed up redirectors for 0 collections in 0.000108 seconds (updated 0 objects)
[2020.04.07-03.01.51:269][567]LogSlate: Took 0.000241 seconds to synchronously load lazily loaded font '../../../Engine/Content/Slate/Fonts/Roboto-Light.ttf' (159K)
[2020.04.07-03.01.51:463][567]LogSavePackage: Save=158.25ms
[2020.04.07-03.01.51:463][567]LogSavePackage: Moving '../../../../../../Users/Chloe Culver/Documents/MultiplayerTutorial/StealthGame/Saved/FirstPersonExampleMap80AD7CF145AEE76FEDEC6CA12806548B.tmp' to '../../../../../../Users/Chloe Culver/Documents/MultiplayerTutorial/StealthGame/Content/Maps/FirstPersonExampleMap.umap'
[2020.04.07-03.01.51:467][567]LogSavePackage: Display: Finished SavePackage ../../../../../../Users/Chloe Culver/Documents/MultiplayerTutorial/StealthGame/Content/Maps/FirstPersonExampleMap.umap
[2020.04.07-03.01.51:576][567]LogSavePackage: Save=92.62ms
[2020.04.07-03.01.51:576][567]LogSavePackage: Moving '../../../../../../Users/Chloe Culver/Documents/MultiplayerTutorial/StealthGame/Saved/FirstPersonExampleMap_BuiltData2ED7C5774FC399CCDA444980DDCB75A6.tmp' to '../../../../../../Users/Chloe Culver/Documents/MultiplayerTutorial/StealthGame/Content/Maps/FirstPersonExampleMap_BuiltData.uasset'
[2020.04.07-03.01.51:578][567]LogSavePackage: Display: Finished SavePackage ../../../../../../Users/Chloe Culver/Documents/MultiplayerTutorial/StealthGame/Content/Maps/FirstPersonExampleMap_BuiltData.uasset
[2020.04.07-03.03.27:780][225]LogTemp: Repeating last play command: Selected Viewport
[2020.04.07-03.03.27:813][225]LogBlueprintUserMessages: Early PlayInEditor Detection: Level '/Game/Maps/FirstPersonExampleMap.FirstPersonExampleMap:PersistentLevel' has LevelScriptBlueprint '/Game/Maps/FirstPersonExampleMap.FirstPersonExampleMap:PersistentLevel.FirstPersonExampleMap' with GeneratedClass '/Game/Maps/FirstPersonExampleMap.FirstPersonExampleMap_C' with ClassGeneratedBy '/Game/Maps/FirstPersonExampleMap.FirstPersonExampleMap:PersistentLevel.FirstPersonExampleMap'
[2020.04.07-03.03.27:813][225]LogPlayLevel: PlayLevel: No blueprints needed recompiling
[2020.04.07-03.03.27:816][225]PIE: New page: PIE session: FirstPersonExampleMap (Apr 6, 2020, 1:03:27 PM)
[2020.04.07-03.03.27:816][225]LogPlayLevel: Creating play world package: /Game/Maps/UEDPIE_0_FirstPersonExampleMap
[2020.04.07-03.03.27:834][225]LogPlayLevel: PIE: StaticDuplicateObject took: (0.018478s)
[2020.04.07-03.03.27:835][225]LogAIModule: Creating AISystem for world FirstPersonExampleMap
[2020.04.07-03.03.27:836][225]LogPlayLevel: PIE: World Init took: (0.001197s)
[2020.04.07-03.03.27:836][225]LogPlayLevel: PIE: Created PIE world by copying editor world from /Game/Maps/FirstPersonExampleMap.FirstPersonExampleMap to /Game/Maps/UEDPIE_0_FirstPersonExampleMap.FirstPersonExampleMap (0.020128s)
[2020.04.07-03.03.27:877][225]LogInit: XAudio2 using 'LG HDR 4K (NVIDIA High Definition Audio)' : 2 channels at 48 kHz using 16 bits per sample (channel mask 0x3)
[2020.04.07-03.03.27:890][225]LogInit: FAudioDevice initialized.
[2020.04.07-03.03.27:937][225]LogLoad: Game class is 'FPSGameMode'
[2020.04.07-03.03.27:941][225]LogWorld: Bringing World /Game/Maps/UEDPIE_0_FirstPersonExampleMap.FirstPersonExampleMap up for play (max tick rate 0) at 2020.04.06-20.03.27
[2020.04.07-03.03.27:941][225]LogWorld: Bringing up level for play took: 0.002488
[2020.04.07-03.03.28:018][225]LogContentBrowser: Native class hierarchy updated for 'MovieSceneCapture' in 0.0010 seconds. Added 11 classes and 0 folders.
[2020.04.07-03.03.28:019][225]PIE: Play in editor start time for /Game/Maps/UEDPIE_0_FirstPersonExampleMap 0.94
[2020.04.07-03.03.28:019][225]LogBlueprintUserMessages: Late PlayInEditor Detection: Level '/Game/Maps/FirstPersonExampleMap.FirstPersonExampleMap:PersistentLevel' has LevelScriptBlueprint '/Game/Maps/FirstPersonExampleMap.FirstPersonExampleMap:PersistentLevel.FirstPersonExampleMap' with GeneratedClass '/Game/Maps/FirstPersonExampleMap.FirstPersonExampleMap_C' with ClassGeneratedBy '/Game/Maps/FirstPersonExampleMap.FirstPersonExampleMap:PersistentLevel.FirstPersonExampleMap'
[2020.04.07-03.03.57:241][695]LogBlueprintUserMessages: Early EndPlayMap Detection: Level '/Game/Maps/FirstPersonExampleMap.FirstPersonExampleMap:PersistentLevel' has LevelScriptBlueprint '/Game/Maps/FirstPersonExampleMap.FirstPersonExampleMap:PersistentLevel.FirstPersonExampleMap' with GeneratedClass '/Game/Maps/FirstPersonExampleMap.FirstPersonExampleMap_C' with ClassGeneratedBy '/Game/Maps/FirstPersonExampleMap.FirstPersonExampleMap:PersistentLevel.FirstPersonExampleMap'
[2020.04.07-03.03.57:277][695]LogBlueprintUserMessages: Late EndPlayMap Detection: Level '/Game/Maps/FirstPersonExampleMap.FirstPersonExampleMap:PersistentLevel' has LevelScriptBlueprint '/Game/Maps/FirstPersonExampleMap.FirstPersonExampleMap:PersistentLevel.FirstPersonExampleMap' with GeneratedClass '/Game/Maps/FirstPersonExampleMap.FirstPersonExampleMap_C' with ClassGeneratedBy '/Game/Maps/FirstPersonExampleMap.FirstPersonExampleMap:PersistentLevel.FirstPersonExampleMap'
[2020.04.07-03.04.37:019][579]LogSlate: Took 0.001326 seconds to synchronously load lazily loaded font '../../../Engine/Content/Editor/Slate/Fonts/Roboto-BoldCondensed.ttf' (158K)
[2020.04.07-03.05.14:973][119]Running C:/Program Files/Epic Games/UE_4.18/Engine/Binaries/DotNET/UnrealBuildTool.exe  -projectfiles -project="C:/Users/Chloe Culver/Documents/MultiplayerTutorial/StealthGame/FPSGame.uproject" -game -rocket -progress
[2020.04.07-03.05.15:178][119]Discovering modules, targets and source code for project...
[2020.04.07-03.05.16:895][119]ERROR: Windows SDK v8.1 must be installed in order to build this target.
[2020.04.07-03.05.17:002][119]LogSlate: Took 0.000168 seconds to synchronously load lazily loaded font '../../../Engine/Content/Slate/Fonts/Roboto-Regular.ttf' (155K)
[2020.04.07-03.05.17:011][119]LogVSAccessor: Warning: Couldn't access Visual Studio
[2020.04.07-03.05.17:018][119]Candidate modules for hot reload:
[2020.04.07-03.05.17:018][119]  FPSGame
[2020.04.07-03.05.17:018][119]Launching UnrealBuildTool... [C:/Program Files/Epic Games/UE_4.18/Engine/Binaries/DotNET/UnrealBuildTool.exe FPSGame -ModuleWithSuffix FPSGame 9648 Win64 Development -editorrecompile -canskiplink "C:/Users/Chloe Culver/Documents/MultiplayerTutorial/StealthGame/FPSGame.uproject" ]
[2020.04.07-03.05.35:063][119]CompilerResultsLog: New page: Compilation - Apr 6, 2020, 1:05:35 PM
[2020.04.07-03.05.35:063][119]CompilerResultsLog: Performing full C++ include scan (hot reloading a new target)
[2020.04.07-03.05.35:063][119]CompilerResultsLog: Using 'git status' to determine working set for adaptive non-unity build.
[2020.04.07-03.05.35:063][119]CompilerResultsLog: Creating makefile for hot reloading FPSGame (no existing makefile)
[2020.04.07-03.05.35:063][119]CompilerResultsLog: Compiling game modules for hot reload
[2020.04.07-03.05.35:063][119]CompilerResultsLog: Parsing headers for FPSGameEditor
[2020.04.07-03.05.35:063][119]CompilerResultsLog:   Running UnrealHeaderTool "C:\Users\Chloe Culver\Documents\MultiplayerTutorial\StealthGame\FPSGame.uproject" "C:\Users\Chloe Culver\Documents\MultiplayerTutorial\StealthGame\Intermediate\Build\Win64\FPSGameEditor\Development\FPSGameEditor.uhtmanifest" -LogCmds="loginit warning, logexit warning, logdatabase error" -Unattended -WarningsAsErrors -installed
[2020.04.07-03.05.35:063][119]CompilerResultsLog: Reflection code generated for FPSGameEditor in 9.0148293 seconds
[2020.04.07-03.05.35:063][119]CompilerResultsLog: ERROR: Windows SDK v8.1 must be installed in order to build this target.
[2020.04.07-03.05.35:063][119]LogMainFrame: MainFrame: Module compiling took 18.053 seconds
[2020.04.07-03.05.35:063][119]Warning: HotReload failed, recompile failed
[2020.04.07-03.05.35:070][119]Warning: RebindPackages failed because the compiler could not be started.
[2020.04.07-03.08.10:461][771]LogWindowsTextInputMethodSystem: Display: IME system now deactivated.
[2020.04.07-03.08.10:669][772]Cmd: QUIT_EDITOR
[2020.04.07-03.08.11:400][772]LogExit: Preparing to exit.
[2020.04.07-03.08.11:687][772]LogDirectoryWatcher: A directory notification for 'C:/Users/Chloe Culver/Documents/MultiplayerTutorial/StealthGame/Content/' was aborted.
[2020.04.07-03.08.11:698][772]LogExit: Editor shut down
[2020.04.07-03.08.11:704][772]LogExit: Transaction tracking system shut down
[2020.04.07-03.08.11:938][772]LogDirectoryWatcher: A directory notification for '../../../Engine/Content/' was aborted.
[2020.04.07-03.08.11:938][772]LogDirectoryWatcher: A directory notification for '../../../../../../Users/Chloe Culver/Documents/MultiplayerTutorial/StealthGame/Content/' was aborted.
[2020.04.07-03.08.11:938][772]LogDirectoryWatcher: A directory notification for '../../../Engine/Plugins/2D/Paper2D/Content/' was aborted.
[2020.04.07-03.08.11:938][772]LogDirectoryWatcher: A directory notification for '../../../Engine/Plugins/Media/MediaCompositing/Content/' was aborted.
[2020.04.07-03.08.11:938][772]LogDirectoryWatcher: A directory notification for '../../../Engine/Plugins/Runtime/AppleARKit/Content/' was aborted.
[2020.04.07-03.08.11:938][772]LogDirectoryWatcher: A directory notification for '../../../Engine/Plugins/Runtime/Oculus/OculusVR/Content/' was aborted.
[2020.04.07-03.08.11:938][772]LogDirectoryWatcher: A directory notification for '../../../Engine/Plugins/Runtime/Steam/SteamVR/Content/' was aborted.
[2020.04.07-03.08.11:981][772]LogExit: Object subsystem successfully closed.
[2020.04.07-03.08.12:000][772]LogD3D11RHI: Shutdown
[2020.04.07-03.08.12:000][772]LogD3D11RHI: CleanupD3DDevice
[2020.04.07-03.08.12:005][772]LogD3D11RHI: ~FD3D11DynamicRHI
[2020.04.07-03.08.12:037][772]LogModuleManager: Shutting down and abandoning module MovieSceneCapture (552)
[2020.04.07-03.08.12:037][772]LogModuleManager: Shutting down and abandoning module HierarchicalLODOutliner (550)
[2020.04.07-03.08.12:037][772]LogModuleManager: Shutting down and abandoning module DesktopPlatform (548)
[2020.04.07-03.08.12:037][772]LogModuleManager: Shutting down and abandoning module SceneOutliner (546)
[2020.04.07-03.08.12:042][772]LogModuleManager: Shutting down and abandoning module AddContentDialog (544)
[2020.04.07-03.08.12:042][772]LogDirectoryWatcher: A directory notification for 'C:/Program Files/Epic Games/UE_4.18/FeaturePacks/' was aborted.
[2020.04.07-03.08.12:044][772]LogModuleManager: Shutting down and abandoning module WidgetCarousel (543)
[2020.04.07-03.08.12:044][772]LogModuleManager: Shutting down and abandoning module EditorWidgets (540)
[2020.04.07-03.08.12:044][772]LogModuleManager: Shutting down and abandoning module CollectionManager (538)
[2020.04.07-03.08.12:044][772]LogDirectoryWatcher: A directory notification for 'C:/Users/Chloe Culver/Documents/MultiplayerTutorial/StealthGame/Content/Collections/' was aborted.
[2020.04.07-03.08.12:044][772]LogDirectoryWatcher: A directory notification for 'C:/Users/Chloe Culver/Documents/MultiplayerTutorial/StealthGame/Content/Developers/ChloeCulver/Collections/' was aborted.
[2020.04.07-03.08.12:044][772]LogDirectoryWatcher: A directory notification for 'C:/Users/Chloe Culver/Documents/MultiplayerTutorial/StealthGame/Saved/Collections/' was aborted.
[2020.04.07-03.08.12:044][772]LogModuleManager: Shutting down and abandoning module StatsViewer (536)
[2020.04.07-03.08.12:044][772]LogModuleManager: Shutting down and abandoning module FoliageEdit (534)
[2020.04.07-03.08.12:044][772]LogModuleManager: Shutting down and abandoning module LandscapeEditor (532)
[2020.04.07-03.08.12:044][772]LogModuleManager: Shutting down and abandoning module MeshPaintMode (530)
[2020.04.07-03.08.12:045][772]LogModuleManager: Shutting down and abandoning module SceneDepthPickerMode (528)
[2020.04.07-03.08.12:045][772]LogModuleManager: Shutting down and abandoning module ActorPickerMode (526)
[2020.04.07-03.08.12:045][772]LogModuleManager: Shutting down and abandoning module GeometryMode (524)
[2020.04.07-03.08.12:045][772]LogModuleManager: Shutting down and abandoning module TextureAlignMode (522)
[2020.04.07-03.08.12:045][772]LogModuleManager: Shutting down and abandoning module BspMode (520)
[2020.04.07-03.08.12:045][772]LogModuleManager: Shutting down and abandoning module PIEPreviewDeviceProfileSelector (518)
[2020.04.07-03.08.12:045][772]LogModuleManager: Shutting down and abandoning module HardwareSurvey (516)
[2020.04.07-03.08.12:045][772]LogModuleManager: Shutting down and abandoning module SequenceRecorderSections (514)
[2020.04.07-03.08.12:045][772]LogModuleManager: Shutting down and abandoning module AutomationWorker (512)
[2020.04.07-03.08.12:045][772]LogModuleManager: Shutting down and abandoning module MatineeToLevelSequence (510)
[2020.04.07-03.08.12:045][772]LogModuleManager: Shutting down and abandoning module LevelSequenceEditor (508)
[2020.04.07-03.08.12:045][772]LogModuleManager: Shutting down and abandoning module PlacementMode (507)
[2020.04.07-03.08.12:045][772]LogModuleManager: Shutting down and abandoning module WmfMediaFactory (504)
[2020.04.07-03.08.12:045][772]LogModuleManager: Shutting down and abandoning module WmfMediaEditor (502)
[2020.04.07-03.08.12:045][772]LogModuleManager: Shutting down and abandoning module OpenExrWrapper (500)
[2020.04.07-03.08.12:045][772]LogModuleManager: Shutting down and abandoning module ImgMediaFactory (498)
[2020.04.07-03.08.12:045][772]LogModuleManager: Shutting down and abandoning module ImgMediaEditor (496)
[2020.04.07-03.08.12:045][772]LogModuleManager: Shutting down and abandoning module AvfMediaFactory (494)
[2020.04.07-03.08.12:045][772]LogModuleManager: Shutting down and abandoning module AvfMediaEditor (492)
[2020.04.07-03.08.12:045][772]LogModuleManager: Shutting down and abandoning module AndroidMediaFactory (490)
[2020.04.07-03.08.12:045][772]LogModuleManager: Shutting down and abandoning module AndroidMediaEditor (488)
[2020.04.07-03.08.12:045][772]LogModuleManager: Shutting down and abandoning module CharacterAI (486)
[2020.04.07-03.08.12:045][772]LogModuleManager: Shutting down and abandoning module AudioCapture (484)
[2020.04.07-03.08.12:045][772]LogModuleManager: Shutting down and abandoning module SequenceRecorder (483)
[2020.04.07-03.08.12:045][772]LogModuleManager: Shutting down and abandoning module SmartSnapping (480)
[2020.04.07-03.08.12:045][772]LogModuleManager: Shutting down and abandoning module SessionServices (478)
[2020.04.07-03.08.12:045][772]LogModuleManager: Shutting down and abandoning module ViewportSnapping (476)
[2020.04.07-03.08.12:045][772]LogModuleManager: Shutting down and abandoning module ViewportInteraction (474)
[2020.04.07-03.08.12:045][772]LogModuleManager: Shutting down and abandoning module ClothPainter (472)
[2020.04.07-03.08.12:045][772]LogModuleManager: Shutting down and abandoning module SkeletalMeshEditor (471)
[2020.04.07-03.08.12:045][772]LogModuleManager: Shutting down and abandoning module LogVisualizer (468)
[2020.04.07-03.08.12:045][772]LogModuleManager: Shutting down and abandoning module IntroTutorials (466)
[2020.04.07-03.08.12:045][772]LogModuleManager: Shutting down and abandoning module GameProjectGeneration (465)
[2020.04.07-03.08.12:045][772]LogModuleManager: Shutting down and abandoning module IOSPlatformEditor (462)
[2020.04.07-03.08.12:045][772]LogModuleManager: Shutting down and abandoning module HTML5PlatformEditor (460)
[2020.04.07-03.08.12:045][772]LogModuleManager: Shutting down and abandoning module AndroidPlatformEditor (458)
[2020.04.07-03.08.12:046][772]LogModuleManager: Shutting down and abandoning module AndroidDeviceDetection (457)
[2020.04.07-03.08.12:083][772]LogModuleManager: Shutting down and abandoning module WindowsPlatformEditor (454)
[2020.04.07-03.08.12:083][772]LogModuleManager: Shutting down and abandoning module IOSRuntimeSettings (452)
[2020.04.07-03.08.12:083][772]LogModuleManager: Shutting down and abandoning module AndroidRuntimeSettings (450)
[2020.04.07-03.08.12:083][772]LogModuleManager: Shutting down and abandoning module InputBindingEditor (448)
[2020.04.07-03.08.12:083][772]LogModuleManager: Shutting down and abandoning module MergeActors (446)
[2020.04.07-03.08.12:083][772]LogModuleManager: Shutting down and abandoning module SizeMap (444)
[2020.04.07-03.08.12:083][772]LogModuleManager: Shutting down and abandoning module TreeMap (442)
[2020.04.07-03.08.12:083][772]LogModuleManager: Shutting down and abandoning module ReferenceViewer (440)
[2020.04.07-03.08.12:083][772]LogModuleManager: Shutting down and abandoning module LocalizationDashboard (438)
[2020.04.07-03.08.12:083][772]LogModuleManager: Shutting down and abandoning module LocalizationService (437)
[2020.04.07-03.08.12:084][772]LogModuleManager: Shutting down and abandoning module HardwareTargeting (434)
[2020.04.07-03.08.12:084][772]LogModuleManager: Shutting down and abandoning module DeviceProfileEditor (432)
[2020.04.07-03.08.12:084][772]LogModuleManager: Shutting down and abandoning module UndoHistory (430)
[2020.04.07-03.08.12:084][772]LogModuleManager: Shutting down and abandoning module XmlParser (428)
[2020.04.07-03.08.12:084][772]LogModuleManager: Shutting down and abandoning module Blutility (426)
[2020.04.07-03.08.12:084][772]LogModuleManager: Shutting down and abandoning module ProjectSettingsViewer (424)
[2020.04.07-03.08.12:084][772]LogModuleManager: Shutting down and abandoning module ProjectTargetPlatformEditor (423)
[2020.04.07-03.08.12:084][772]LogModuleManager: Shutting down and abandoning module EditorSettingsViewer (420)
[2020.04.07-03.08.12:084][772]LogModuleManager: Shutting down and abandoning module SettingsEditor (418)
[2020.04.07-03.08.12:084][772]LogModuleManager: Shutting down and abandoning module ProjectLauncher (416)
[2020.04.07-03.08.12:084][772]LogModuleManager: Shutting down and abandoning module SessionFrontend (414)
[2020.04.07-03.08.12:084][772]LogModuleManager: Shutting down and abandoning module ProfilerClient (412)
[2020.04.07-03.08.12:084][772]LogModuleManager: Shutting down and abandoning module DeviceManager (410)
[2020.04.07-03.08.12:084][772]LogModuleManager: Shutting down and abandoning module TargetDeviceServices (409)
[2020.04.07-03.08.12:139][772]LogModuleManager: Shutting down and abandoning module AutomationController (406)
[2020.04.07-03.08.12:139][772]LogModuleManager: Shutting down and abandoning module AutomationWindow (404)
[2020.04.07-03.08.12:139][772]LogModuleManager: Shutting down and abandoning module Layers (402)
[2020.04.07-03.08.12:139][772]LogModuleManager: Shutting down and abandoning module ComponentVisualizers (400)
[2020.04.07-03.08.12:139][772]LogModuleManager: Shutting down and abandoning module DetailCustomizations (398)
[2020.04.07-03.08.12:139][772]LogModuleManager: Shutting down and abandoning module PackagesDialog (396)
[2020.04.07-03.08.12:139][772]LogModuleManager: Shutting down and abandoning module Persona (394)
[2020.04.07-03.08.12:139][772]LogModuleManager: Shutting down and abandoning module AdvancedPreviewScene (393)
[2020.04.07-03.08.12:139][772]LogModuleManager: Shutting down and abandoning module AnimGraph (391)
[2020.04.07-03.08.12:139][772]LogModuleManager: Shutting down and abandoning module Kismet (388)
[2020.04.07-03.08.12:139][772]LogModuleManager: Shutting down and abandoning module ClassViewer (386)
[2020.04.07-03.08.12:140][772]LogModuleManager: Shutting down and abandoning module Toolbox (384)
[2020.04.07-03.08.12:140][772]LogModuleManager: Shutting down and abandoning module ModuleUI (382)
[2020.04.07-03.08.12:140][772]LogModuleManager: Shutting down and abandoning module MovieSceneTools (380)
[2020.04.07-03.08.12:141][772]LogModuleManager: Shutting down and abandoning module OutputLog (378)
[2020.04.07-03.08.12:141][772]LogModuleManager: Shutting down and abandoning module GammaUI (376)
[2020.04.07-03.08.12:141][772]LogModuleManager: Shutting down and abandoning module Documentation (374)
[2020.04.07-03.08.12:141][772]LogModuleManager: Shutting down and abandoning module MovieSceneTracks (372)
[2020.04.07-03.08.12:141][772]LogModuleManager: Shutting down and abandoning module MovieScene (370)
[2020.04.07-03.08.12:141][772]LogModuleManager: Shutting down and abandoning module StreamingPauseRendering (368)
[2020.04.07-03.08.12:141][772]LogModuleManager: Shutting down and abandoning module LauncherPlatform (366)
[2020.04.07-03.08.12:141][772]LogModuleManager: Shutting down and abandoning module AnalyticsET (364)
[2020.04.07-03.08.12:141][772]LogModuleManager: Shutting down and abandoning module PortalServices (362)
[2020.04.07-03.08.12:141][772]LogModuleManager: Shutting down and abandoning module PortalRpc (360)
[2020.04.07-03.08.12:141][772]LogModuleManager: Shutting down and abandoning module MessagingRpc (358)
[2020.04.07-03.08.12:141][772]LogModuleManager: Shutting down and abandoning module AIModule (356)
[2020.04.07-03.08.12:141][772]LogModuleManager: Shutting down and abandoning module GameplayDebugger (355)
[2020.04.07-03.08.12:141][772]LogModuleManager: Shutting down and abandoning module AITestSuite (353)
[2020.04.07-03.08.12:141][772]LogModuleManager: Shutting down and abandoning module ProfilerService (350)
[2020.04.07-03.08.12:348][772]LogModuleManager: Shutting down and abandoning module TaskGraph (348)
[2020.04.07-03.08.12:348][772]LogModuleManager: Shutting down and abandoning module SteamVRController (346)
[2020.04.07-03.08.12:348][772]LogModuleManager: Shutting down and abandoning module ProceduralMeshComponentEditor (344)
[2020.04.07-03.08.12:348][772]LogModuleManager: Shutting down and abandoning module ProceduralMeshComponent (342)
[2020.04.07-03.08.12:348][772]LogModuleManager: Shutting down and abandoning module OculusInput (340)
[2020.04.07-03.08.12:348][772]LogModuleManager: Shutting down and abandoning module MobilePatchingUtils (338)
[2020.04.07-03.08.12:348][772]LogModuleManager: Shutting down and abandoning module CustomMeshComponent (336)
[2020.04.07-03.08.12:348][772]LogModuleManager: Shutting down and abandoning module CableComponent (334)
[2020.04.07-03.08.12:348][772]LogModuleManager: Shutting down and abandoning module ArchVisCharacter (332)
[2020.04.07-03.08.12:348][772]LogModuleManager: Shutting down and abandoning module AndroidPermission (330)
[2020.04.07-03.08.12:348][772]LogModuleManager: Shutting down and abandoning module ActorSequence (326)
[2020.04.07-03.08.12:348][772]LogModuleManager: Shutting down and abandoning module MediaPlayerEditor (324)
[2020.04.07-03.08.12:348][772]LogModuleManager: Shutting down and abandoning module MediaCompositingEditor (322)
[2020.04.07-03.08.12:348][772]LogModuleManager: Shutting down and abandoning module MediaCompositing (320)
[2020.04.07-03.08.12:349][772]LogModuleManager: Shutting down and abandoning module HTML5Networking (318)
[2020.04.07-03.08.12:349][772]LogModuleManager: Shutting down and abandoning module AlembicImporter (316)
[2020.04.07-03.08.12:349][772]LogModuleManager: Shutting down and abandoning module AlembicLibrary (315)
[2020.04.07-03.08.12:349][772]LogModuleManager: Shutting down and abandoning module GeometryCache (314)
[2020.04.07-03.08.12:349][772]LogModuleManager: Shutting down and abandoning module GeometryCacheEd (313)
[2020.04.07-03.08.12:349][772]LogModuleManager: Shutting down and abandoning module SpeedTreeImporter (308)
[2020.04.07-03.08.12:349][772]LogModuleManager: Shutting down and abandoning module PluginBrowser (306)
[2020.04.07-03.08.12:349][772]LogModuleManager: Shutting down and abandoning module MobileLauncherProfileWizard (304)
[2020.04.07-03.08.12:349][772]LogModuleManager: Shutting down and abandoning module VisualStudioSourceCodeAccess (302)
[2020.04.07-03.08.12:349][772]LogModuleManager: Shutting down and abandoning module VisualStudioCodeSourceCodeAccess (300)
[2020.04.07-03.08.12:349][772]LogModuleManager: Shutting down and abandoning module UObjectPlugin (298)
[2020.04.07-03.08.12:349][772]LogModuleManager: Shutting down and abandoning module SubversionSourceControl (296)
[2020.04.07-03.08.12:349][772]LogModuleManager: Shutting down and abandoning module PerforceSourceControl (294)
[2020.04.07-03.08.12:349][772]LogModuleManager: Shutting down and abandoning module GitSourceControl (292)
[2020.04.07-03.08.12:349][772]LogModuleManager: Shutting down and abandoning module SourceControl (291)
[2020.04.07-03.08.12:349][772]LogModuleManager: Shutting down and abandoning module LightPropagationVolumeEditor (288)
[2020.04.07-03.08.12:349][772]LogModuleManager: Shutting down and abandoning module PaperTiledImporter (286)
[2020.04.07-03.08.12:349][772]LogModuleManager: Shutting down and abandoning module PaperSpriteSheetImporter (284)
[2020.04.07-03.08.12:349][772]LogModuleManager: Shutting down and abandoning module Paper2DEditor (282)
[2020.04.07-03.08.12:349][772]LogModuleManager: Shutting down and abandoning module MeshPaint (281)
[2020.04.07-03.08.12:349][772]LogModuleManager: Shutting down and abandoning module LevelEditor (279)
[2020.04.07-03.08.12:350][772]LogModuleManager: Shutting down and abandoning module PixelInspectorModule (278)
[2020.04.07-03.08.12:350][772]LogModuleManager: Shutting down and abandoning module MainFrame (276)
[2020.04.07-03.08.12:350][772]LogModuleManager: Shutting down and abandoning module HotReload (275)
[2020.04.07-03.08.12:350][772]LogDirectoryWatcher: A directory notification for 'C:/Users/Chloe Culver/Documents/MultiplayerTutorial/StealthGame/Binaries/Win64' was aborted.
[2020.04.07-03.08.12:350][772]LogModuleManager: Shutting down and abandoning module FPSGame (270)
[2020.04.07-03.08.12:351][772]LogModuleManager: Shutting down and abandoning module RuntimePhysXCooking (268)
[2020.04.07-03.08.12:351][772]LogModuleManager: Shutting down and abandoning module PhysXVehiclesEditor (266)
[2020.04.07-03.08.12:351][772]LogModuleManager: Shutting down and abandoning module PhysXVehicles (264)
[2020.04.07-03.08.12:351][772]LogModuleManager: Shutting down and abandoning module OculusEditor (262)
[2020.04.07-03.08.12:351][772]LogModuleManager: Shutting down and abandoning module LocationServicesBPLibrary (260)
[2020.04.07-03.08.12:351][772]LogModuleManager: Shutting down and abandoning module ImmediatePhysicsEditor (258)
[2020.04.07-03.08.12:351][772]LogModuleManager: Shutting down and abandoning module ImmediatePhysics (256)
[2020.04.07-03.08.12:351][772]LogModuleManager: Shutting down and abandoning module UdpMessaging (254)
[2020.04.07-03.08.12:452][772]LogModuleManager: Shutting down and abandoning module TcpMessaging (252)
[2020.04.07-03.08.12:599][772]LogModuleManager: Shutting down and abandoning module GameplayTagsEditor (250)
[2020.04.07-03.08.12:599][772]LogModuleManager: Shutting down and abandoning module FacialAnimationEditor (248)
[2020.04.07-03.08.12:599][772]LogModuleManager: Shutting down and abandoning module FacialAnimation (246)
[2020.04.07-03.08.12:599][772]LogModuleManager: Shutting down and abandoning module AssetManagerEditor (244)
[2020.04.07-03.08.12:599][772]LogModuleManager: Shutting down and abandoning module GraphEditor (243)
[2020.04.07-03.08.12:599][772]LogModuleManager: Shutting down and abandoning module ContentBrowser (241)
[2020.04.07-03.08.12:600][772]LogModuleManager: Shutting down and abandoning module LightPropagationVolumeRuntime (238)
[2020.04.07-03.08.12:600][772]LogModuleManager: Shutting down and abandoning module Paper2D (236)
[2020.04.07-03.08.12:600][772]LogModuleManager: Shutting down and abandoning module WindowsMoviePlayer (234)
[2020.04.07-03.08.12:600][772]LogModuleManager: Shutting down and abandoning module WmfMedia (232)
[2020.04.07-03.08.12:602][772]LogModuleManager: Shutting down and abandoning module ImgMedia (230)
[2020.04.07-03.08.12:602][772]LogModuleManager: Shutting down and abandoning module PacketHandler (228)
[2020.04.07-03.08.12:602][772]LogModuleManager: Shutting down and abandoning module ClothingSystemEditor (226)
[2020.04.07-03.08.12:602][772]LogModuleManager: Shutting down and abandoning module ClothingSystemRuntime (224)
[2020.04.07-03.08.12:602][772]LogModuleManager: Shutting down and abandoning module MediaAssets (222)
[2020.04.07-03.08.12:602][772]LogModuleManager: Shutting down and abandoning module Media (221)
[2020.04.07-03.08.12:608][772]LogModuleManager: Shutting down and abandoning module Overlay (218)
[2020.04.07-03.08.12:608][772]LogModuleManager: Shutting down and abandoning module OverlayEditor (217)
[2020.04.07-03.08.12:608][772]LogModuleManager: Shutting down and abandoning module VREditor (214)
[2020.04.07-03.08.12:608][772]LogModuleManager: Shutting down and abandoning module StringTableEditor (212)
[2020.04.07-03.08.12:608][772]LogModuleManager: Shutting down and abandoning module GameplayTasksEditor (210)
[2020.04.07-03.08.12:608][772]LogModuleManager: Shutting down and abandoning module BehaviorTreeEditor (208)
[2020.04.07-03.08.12:608][772]LogModuleManager: Shutting down and abandoning module FunctionalTesting (206)
[2020.04.07-03.08.12:608][772]LogModuleManager: Shutting down and abandoning module CollisionAnalyzer (204)
[2020.04.07-03.08.12:608][772]LogModuleManager: Shutting down and abandoning module WorkspaceMenuStructure (203)
[2020.04.07-03.08.12:608][772]LogModuleManager: Shutting down and abandoning module UMG (200)
[2020.04.07-03.08.12:608][772]LogModuleManager: Shutting down and abandoning module UMGEditor (199)
[2020.04.07-03.08.12:608][772]LogModuleManager: Shutting down and abandoning module Sequencer (198)
[2020.04.07-03.08.12:608][772]LogModuleManager: Shutting down and abandoning module MessageLog (195)
[2020.04.07-03.08.12:608][772]LogModuleManager: Shutting down and abandoning module SlateReflector (190)
[2020.04.07-03.08.12:608][772]LogModuleManager: Shutting down and abandoning module Slate (188)
[2020.04.07-03.08.12:609][772]LogModuleManager: Shutting down and abandoning module EditorStyle (186)
[2020.04.07-03.08.12:611][772]LogModuleManager: Shutting down and abandoning module MRMesh (184)
[2020.04.07-03.08.12:611][772]LogModuleManager: Shutting down and abandoning module SourceCodeAccess (182)
[2020.04.07-03.08.12:611][772]LogModuleManager: Shutting down and abandoning module HeadMountedDisplay (180)
[2020.04.07-03.08.12:611][772]LogModuleManager: Shutting down and abandoning module XAudio2 (178)
[2020.04.07-03.08.12:611][772]LogModuleManager: Shutting down and abandoning module Networking (176)
[2020.04.07-03.08.12:611][772]LogModuleManager: Shutting down and abandoning module Core (172)
[2020.04.07-03.08.12:611][772]LogModuleManager: Shutting down and abandoning module LevelSequence (168)
[2020.04.07-03.08.12:611][772]LogModuleManager: Shutting down and abandoning module DirectoryWatcher (166)
[2020.04.07-03.08.12:612][772]LogModuleManager: Shutting down and abandoning module KismetCompiler (164)
[2020.04.07-03.08.12:612][772]LogModuleManager: Shutting down and abandoning module MeshUtilities (162)
[2020.04.07-03.08.12:612][772]LogModuleManager: Shutting down and abandoning module MeshMergeUtilities (161)
[2020.04.07-03.08.12:612][772]LogModuleManager: Shutting down and abandoning module MeshReductionInterface (160)
[2020.04.07-03.08.12:612][772]LogModuleManager: Shutting down and abandoning module SimplygonSwarm (159)
[2020.04.07-03.08.12:612][772]LogModuleManager: Shutting down and abandoning module SimplygonMeshReduction (157)
[2020.04.07-03.08.12:612][772]LogModuleManager: Shutting down and abandoning module QuadricMeshReduction (155)
[2020.04.07-03.08.12:612][772]LogModuleManager: Shutting down and abandoning module MaterialBaking (151)
[2020.04.07-03.08.12:612][772]LogModuleManager: Shutting down and abandoning module DerivedDataCache (148)
[2020.04.07-03.08.12:695][772]LogDerivedDataCache: Shutdown
[2020.04.07-03.08.12:695][772]LogModuleManager: Shutting down and abandoning module TargetPlatform (146)
[2020.04.07-03.08.12:695][772]LogModuleManager: Shutting down and abandoning module VulkanShaderFormat (145)
[2020.04.07-03.08.12:696][772]LogModuleManager: Shutting down and abandoning module ShaderFormatVectorVM (143)
[2020.04.07-03.08.12:696][772]LogModuleManager: Shutting down and abandoning module ShaderFormatOpenGL (141)
[2020.04.07-03.08.12:696][772]LogModuleManager: Shutting down and abandoning module ShaderFormatD3D (139)
[2020.04.07-03.08.12:696][772]LogModuleManager: Shutting down and abandoning module MetalShaderFormat (137)
[2020.04.07-03.08.12:696][772]LogModuleManager: Shutting down and abandoning module TextureFormatUncompressed (135)
[2020.04.07-03.08.12:696][772]LogModuleManager: Shutting down and abandoning module TextureFormatPVR (133)
[2020.04.07-03.08.12:696][772]LogModuleManager: Shutting down and abandoning module TextureFormatDXT (131)
[2020.04.07-03.08.12:696][772]LogModuleManager: Shutting down and abandoning module TextureFormatIntelISPCTexComp (129)
[2020.04.07-03.08.12:696][772]LogModuleManager: Shutting down and abandoning module TextureFormatASTC (127)
[2020.04.07-03.08.12:696][772]LogModuleManager: Shutting down and abandoning module ImageWrapper (126)
[2020.04.07-03.08.12:696][772]LogModuleManager: Shutting down and abandoning module TextureFormatAndroid (123)
[2020.04.07-03.08.12:696][772]LogModuleManager: Shutting down and abandoning module AudioFormatOpus (121)
[2020.04.07-03.08.12:696][772]LogModuleManager: Shutting down and abandoning module AudioFormatOgg (119)
[2020.04.07-03.08.12:696][772]LogModuleManager: Shutting down and abandoning module AudioFormatADPCM (117)
[2020.04.07-03.08.12:696][772]LogModuleManager: Shutting down and abandoning module LinuxTargetPlatform (115)
[2020.04.07-03.08.12:696][772]LogModuleManager: Shutting down and abandoning module LinuxServerTargetPlatform (113)
[2020.04.07-03.08.12:696][772]LogModuleManager: Shutting down and abandoning module LinuxNoEditorTargetPlatform (111)
[2020.04.07-03.08.12:696][772]LogModuleManager: Shutting down and abandoning module LinuxClientTargetPlatform (109)
[2020.04.07-03.08.12:696][772]LogModuleManager: Shutting down and abandoning module TVOSTargetPlatform (107)
[2020.04.07-03.08.12:696][772]LogModuleManager: Shutting down and abandoning module Messaging (105)
[2020.04.07-03.08.12:696][772]LogModuleManager: Shutting down and abandoning module IOSTargetPlatform (103)
[2020.04.07-03.08.12:696][772]LogModuleManager: Shutting down and abandoning module HTML5TargetPlatform (101)
[2020.04.07-03.08.12:696][772]LogModuleManager: Shutting down and abandoning module AndroidTargetPlatform (99)
[2020.04.07-03.08.12:696][772]LogModuleManager: Shutting down and abandoning module Android_PVRTCTargetPlatform (97)
[2020.04.07-03.08.12:696][772]LogModuleManager: Shutting down and abandoning module Android_MultiTargetPlatform (95)
[2020.04.07-03.08.12:696][772]LogModuleManager: Shutting down and abandoning module Android_ETC2TargetPlatform (93)
[2020.04.07-03.08.12:696][772]LogModuleManager: Shutting down and abandoning module Android_ETC1TargetPlatform (91)
[2020.04.07-03.08.12:696][772]LogModuleManager: Shutting down and abandoning module Android_DXTTargetPlatform (89)
[2020.04.07-03.08.12:696][772]LogModuleManager: Shutting down and abandoning module Android_ATCTargetPlatform (87)
[2020.04.07-03.08.12:696][772]LogModuleManager: Shutting down and abandoning module Android_ASTCTargetPlatform (85)
[2020.04.07-03.08.12:696][772]LogModuleManager: Shutting down and abandoning module WindowsTargetPlatform (83)
[2020.04.07-03.08.12:696][772]LogModuleManager: Shutting down and abandoning module WindowsServerTargetPlatform (81)
[2020.04.07-03.08.12:696][772]LogModuleManager: Shutting down and abandoning module WindowsNoEditorTargetPlatform (79)
[2020.04.07-03.08.12:696][772]LogModuleManager: Shutting down and abandoning module WindowsClientTargetPlatform (77)
[2020.04.07-03.08.12:696][772]LogModuleManager: Shutting down and abandoning module MacTargetPlatform (75)
[2020.04.07-03.08.12:696][772]LogModuleManager: Shutting down and abandoning module MacServerTargetPlatform (73)
[2020.04.07-03.08.12:696][772]LogModuleManager: Shutting down and abandoning module MacNoEditorTargetPlatform (71)
[2020.04.07-03.08.12:696][772]LogModuleManager: Shutting down and abandoning module MacClientTargetPlatform (69)
[2020.04.07-03.08.12:696][772]LogModuleManager: Shutting down and abandoning module AllDesktopTargetPlatform (67)
[2020.04.07-03.08.12:696][772]LogModuleManager: Shutting down and abandoning module InputCore (64)
[2020.04.07-03.08.12:696][772]LogModuleManager: Shutting down and abandoning module Settings (62)
[2020.04.07-03.08.12:696][772]LogModuleManager: Shutting down and abandoning module PhysXCooking (60)
[2020.04.07-03.08.12:696][772]LogModuleManager: Shutting down and abandoning module SteamVR (58)
[2020.04.07-03.08.12:696][772]LogModuleManager: Shutting down and abandoning module OculusHMD (56)
[2020.04.07-03.08.12:697][772]LogModuleManager: Shutting down and abandoning module ExampleDeviceProfileSelector (54)
[2020.04.07-03.08.12:697][772]LogModuleManager: Shutting down and abandoning module AppleARKit (52)
[2020.04.07-03.08.12:697][772]LogModuleManager: Shutting down and abandoning module AugmentedReality (51)
[2020.04.07-03.08.12:697][772]LogModuleManager: Shutting down and abandoning module OnlineBlueprintSupport (48)
[2020.04.07-03.08.12:697][772]LogModuleManager: Shutting down and abandoning module OnlineSubsystem (44)
[2020.04.07-03.08.12:697][772]LogModuleManager: Shutting down and abandoning module XMPP (43)
[2020.04.07-03.08.12:697][772]LogModuleManager: Shutting down and abandoning module HTTP (41)
[2020.04.07-03.08.12:697][772]LogHttp: Display: Http module shutting down, but needs to wait on 1 outstanding Http requests:
[2020.04.07-03.08.12:697][772]LogHttp: Display: 	verb=[POST] url=[https://datarouter.ol.epicgames.com/datarouter/api/v1/public/data?SessionID=%7B385B7B4B-476A-7484-4876-398D9C4DDEFA%7D&AppID=UEEditor.Rocket.Release&AppVersion=4.18.3-3832480%2B%2B%2BUE4%2BRelease-4.18&UserID=e2fa11514457d826f65b388c6ec0a2ab%7C5d4b43572cc9428ba858d3e09cfb77fa%7Ce1072dad-0f31-45ca-a841-0f482593487c&AppEnvironment=datacollector-binary&UploadType=eteventstream] status=Processing
[2020.04.07-03.08.12:701][772]LogModuleManager: Shutting down and abandoning module SSL (40)
[2020.04.07-03.08.12:703][772]LogModuleManager: Shutting down and abandoning module AnimationModifiers (36)
[2020.04.07-03.08.12:703][772]LogModuleManager: Shutting down and abandoning module PropertyEditor (35)
[2020.04.07-03.08.12:703][772]LogModuleManager: Shutting down and abandoning module AudioEditor (32)
[2020.04.07-03.08.12:703][772]LogModuleManager: Shutting down and abandoning module TextureCompressor (30)
[2020.04.07-03.08.12:703][772]LogModuleManager: Shutting down and abandoning module ShaderCore (28)
[2020.04.07-03.08.12:703][772]LogModuleManager: Shutting down and abandoning module Landscape (26)
[2020.04.07-03.08.12:703][772]LogModuleManager: Shutting down and abandoning module SlateRHIRenderer (24)
[2020.04.07-03.08.12:703][772]LogModuleManager: Shutting down and abandoning module OpenGLDrv (22)
[2020.04.07-03.08.12:703][772]LogModuleManager: Shutting down and abandoning module D3D11RHI (20)
[2020.04.07-03.08.12:703][772]LogModuleManager: Shutting down and abandoning module AnimGraphRuntime (18)
[2020.04.07-03.08.12:703][772]LogModuleManager: Shutting down and abandoning module Renderer (16)
[2020.04.07-03.08.12:704][772]LogModuleManager: Shutting down and abandoning module Engine (14)
[2020.04.07-03.08.12:704][772]LogModuleManager: Shutting down and abandoning module CoreUObject (12)
[2020.04.07-03.08.12:704][772]LogModuleManager: Shutting down and abandoning module NetworkFile (10)
[2020.04.07-03.08.12:704][772]LogModuleManager: Shutting down and abandoning module CookedIterativeFile (8)
[2020.04.07-03.08.12:704][772]LogModuleManager: Shutting down and abandoning module StreamingFile (6)
[2020.04.07-03.08.12:704][772]LogModuleManager: Shutting down and abandoning module SandboxFile (4)
[2020.04.07-03.08.12:704][772]LogModuleManager: Shutting down and abandoning module PakFile (2)
[2020.04.07-03.08.12:708][772]LogExit: Exiting.
[2020.04.07-03.08.12:716][772]Log file closed, 04/06/20 20:08:12
